\BOOKMARK [0][-]{chapter.1}{\376\377\000P\000e\000n\000g\000a\000n\000t\000a\000r\000\040\000K\000r\000i\000p\000t\000o\000g\000r\000a\000f\000i}{}% 1
\BOOKMARK [1][-]{section.1.1}{\376\377\000T\000u\000j\000u\000a\000n\000\040\000P\000e\000m\000b\000e\000l\000a\000j\000a\000r\000a\000n}{chapter.1}% 2
\BOOKMARK [1][-]{section.1.2}{\376\377\000S\000e\000j\000a\000r\000a\000h\000\040\000S\000i\000n\000g\000k\000a\000t}{chapter.1}% 3
\BOOKMARK [1][-]{section.1.3}{\376\377\000D\000e\000f\000i\000n\000i\000s\000i\000\040\000d\000a\000n\000\040\000T\000u\000j\000u\000a\000n\000\040\000K\000e\000a\000m\000a\000n\000a\000n}{chapter.1}% 4
\BOOKMARK [1][-]{section.1.4}{\376\377\000M\000o\000d\000e\000l\000\040\000D\000a\000s\000a\000r\000\040\000S\000i\000s\000t\000e\000m\000\040\000K\000r\000i\000p\000t\000o\000g\000r\000a\000f\000i}{chapter.1}% 5
\BOOKMARK [1][-]{section.1.5}{\376\377\000K\000r\000i\000p\000t\000o\000g\000r\000a\000f\000i\000\040\000K\000o\000n\000v\000e\000n\000s\000i\000o\000n\000a\000l\000\040\000\050\000S\000i\000m\000e\000t\000r\000i\000s\000\051}{chapter.1}% 6
\BOOKMARK [1][-]{section.1.6}{\376\377\000C\000o\000n\000t\000o\000h\000\040\000S\000e\000d\000e\000r\000h\000a\000n\000a\000:\000\040\000S\000a\000n\000d\000i\000\040\000G\000e\000s\000e\000r}{chapter.1}% 7
\BOOKMARK [1][-]{section.1.7}{\376\377\000L\000a\000t\000i\000h\000a\000n}{chapter.1}% 8
\BOOKMARK [1][-]{section.1.8}{\376\377\000B\000a\000c\000a\000a\000n\000\040\000L\000a\000n\000j\000u\000t\000a\000n}{chapter.1}% 9
\BOOKMARK [0][-]{chapter.2}{\376\377\000L\000a\000n\000s\000k\000a\000p\000\040\000P\000r\000i\000m\000i\000t\000i\000f\000\040\000M\000o\000d\000e\000r\000n\000:\000\040\000K\000u\000n\000c\000i\000\040\000P\000u\000b\000l\000i\000k\000,\000\040\000T\000a\000n\000d\000a\000\040\000T\000a\000n\000g\000a\000n\000,\000\040\000H\000a\000s\000h\000,\000\040\000S\000e\000r\000t\000i\000f\000i\000k\000a\000t}{}% 10
\BOOKMARK [1][-]{section.2.1}{\376\377\000T\000u\000j\000u\000a\000n\000\040\000P\000e\000m\000b\000e\000l\000a\000j\000a\000r\000a\000n}{chapter.2}% 11
\BOOKMARK [1][-]{section.2.2}{\376\377\000S\000i\000s\000t\000e\000m\000\040\000K\000u\000n\000c\000i\000\040\000P\000u\000b\000l\000i\000k\000\040\000v\000s\000.\000\040\000K\000u\000n\000c\000i\000\040\000P\000r\000i\000v\000a\000t}{chapter.2}% 12
\BOOKMARK [1][-]{section.2.3}{\376\377\000F\000u\000n\000g\000s\000i\000\040\000H\000a\000s\000h\000\040\000K\000r\000i\000p\000t\000o\000g\000r\000a\000f\000i\000s}{chapter.2}% 13
\BOOKMARK [1][-]{section.2.4}{\376\377\000T\000a\000n\000d\000a\000\040\000T\000a\000n\000g\000a\000n\000\040\000D\000i\000g\000i\000t\000a\000l}{chapter.2}% 14
\BOOKMARK [1][-]{section.2.5}{\376\377\000S\000e\000r\000t\000i\000f\000i\000k\000a\000t\000\040\000D\000i\000g\000i\000t\000a\000l\000\040\000d\000a\000n\000\040\000P\000K\000I}{chapter.2}% 15
\BOOKMARK [1][-]{section.2.6}{\376\377\000L\000a\000t\000i\000h\000a\000n}{chapter.2}% 16
\BOOKMARK [0][-]{chapter.3}{\376\377\000A\000r\000i\000t\000m\000e\000t\000i\000k\000a\000\040\000B\000i\000l\000a\000n\000g\000a\000n\000\040\000B\000u\000l\000a\000t\000\040\000d\000a\000n\000\040\000K\000o\000n\000g\000r\000u\000e\000n\000s\000i}{}% 17
\BOOKMARK [1][-]{section.3.1}{\376\377\000T\000u\000j\000u\000a\000n\000\040\000P\000e\000m\000b\000e\000l\000a\000j\000a\000r\000a\000n}{chapter.3}% 18
\BOOKMARK [1][-]{section.3.2}{\376\377\000K\000e\000t\000e\000r\000b\000a\000g\000i\000a\000n\000,\000\040\000F\000P\000B\000,\000\040\000d\000a\000n\000\040\000A\000l\000g\000o\000r\000i\000t\000m\000a\000\040\000E\000u\000k\000l\000i\000d}{chapter.3}% 19
\BOOKMARK [1][-]{section.3.3}{\376\377\000K\000o\000n\000g\000r\000u\000e\000n\000s\000i\000\040\000d\000a\000n\000\040\000R\000i\000n\000g\000\040\000Z\000n}{chapter.3}% 20
\BOOKMARK [1][-]{section.3.4}{\376\377\000I\000n\000v\000e\000r\000s\000\040\000P\000e\000r\000k\000a\000l\000i\000a\000n\000\040\000M\000o\000d\000u\000l\000o}{chapter.3}% 21
\BOOKMARK [1][-]{section.3.5}{\376\377\000L\000a\000t\000i\000h\000a\000n}{chapter.3}% 22
\BOOKMARK [0][-]{chapter.4}{\376\377\000S\000i\000s\000t\000e\000m\000\040\000K\000o\000n\000g\000r\000u\000e\000n\000s\000i\000\040\000L\000i\000n\000i\000e\000r\000,\000\040\000C\000R\000T\000,\000\040\000d\000a\000n\000\040\000T\000e\000o\000r\000e\000m\000a\000\040\000K\000e\000c\000i\000l\000\040\000F\000e\000r\000m\000a\000t}{}% 23
\BOOKMARK [1][-]{section.4.1}{\376\377\000T\000u\000j\000u\000a\000n\000\040\000P\000e\000m\000b\000e\000l\000a\000j\000a\000r\000a\000n}{chapter.4}% 24
\BOOKMARK [1][-]{section.4.2}{\376\377\000K\000o\000n\000g\000r\000u\000e\000n\000s\000i\000\040\000L\000i\000n\000i\000e\000r\000\040\000d\000a\000n\000\040\000F\000u\000n\000g\000s\000i\000\040\000\040\000E\000u\000l\000e\000r}{chapter.4}% 25
\BOOKMARK [1][-]{section.4.3}{\376\377\000T\000e\000o\000r\000e\000m\000a\000\040\000S\000i\000s\000a\000\040\000T\000i\000o\000n\000g\000k\000o\000k\000\040\000\050\000C\000R\000T\000\051}{chapter.4}% 26
\BOOKMARK [1][-]{section.4.4}{\376\377\000M\000e\000d\000a\000n\000\040\000H\000i\000n\000g\000g\000a\000\040\000Z\000p\000\040\000d\000a\000n\000\040\000F\000L\000T}{chapter.4}% 27
\BOOKMARK [1][-]{section.4.5}{\376\377\000L\000a\000t\000i\000h\000a\000n}{chapter.4}% 28
\BOOKMARK [0][-]{chapter.5}{\376\377\000A\000k\000a\000r\000\040\000P\000r\000i\000m\000i\000t\000i\000f\000,\000\040\000R\000e\000s\000i\000d\000u\000\040\000K\000u\000a\000d\000r\000a\000t\000i\000k\000,\000\040\000d\000a\000n\000\040\000L\000o\000g\000a\000r\000i\000t\000m\000a\000\040\000D\000i\000s\000k\000r\000i\000t}{}% 29
\BOOKMARK [1][-]{section.5.1}{\376\377\000T\000u\000j\000u\000a\000n\000\040\000P\000e\000m\000b\000e\000l\000a\000j\000a\000r\000a\000n}{chapter.5}% 30
\BOOKMARK [1][-]{section.5.2}{\376\377\000A\000k\000a\000r\000\040\000P\000r\000i\000m\000i\000t\000i\000f\000\040\000d\000i\000\040\000Z\000p}{chapter.5}% 31
\BOOKMARK [1][-]{section.5.3}{\376\377\000R\000e\000s\000i\000d\000u\000\040\000K\000u\000a\000d\000r\000a\000t\000i\000k\000\040\000d\000a\000n\000\040\000S\000i\000m\000b\000o\000l\000\040\000L\000e\000g\000e\000n\000d\000r\000e}{chapter.5}% 32
\BOOKMARK [1][-]{section.5.4}{\376\377\000M\000a\000s\000a\000l\000a\000h\000\040\000L\000o\000g\000a\000r\000i\000t\000m\000a\000\040\000D\000i\000s\000k\000r\000i\000t}{chapter.5}% 33
\BOOKMARK [1][-]{section.5.5}{\376\377\000L\000a\000t\000i\000h\000a\000n}{chapter.5}% 34
\BOOKMARK [0][-]{chapter.6}{\376\377\000S\000a\000n\000d\000i\000\040\000B\000l\000o\000k\000\040\000d\000a\000n\000\040\000S\000a\000n\000d\000i\000\040\000A\000l\000i\000r\000;\000\040\000D\000E\000S}{}% 35
\BOOKMARK [1][-]{section.6.1}{\376\377\000T\000u\000j\000u\000a\000n\000\040\000P\000e\000m\000b\000e\000l\000a\000j\000a\000r\000a\000n}{chapter.6}% 36
\BOOKMARK [1][-]{section.6.2}{\376\377\000S\000a\000n\000d\000i\000\040\000B\000l\000o\000k\000\040\000v\000s\000.\000\040\000S\000a\000n\000d\000i\000\040\000A\000l\000i\000r}{chapter.6}% 37
\BOOKMARK [1][-]{section.6.3}{\376\377\000D\000a\000t\000a\000\040\000E\000n\000c\000r\000y\000p\000t\000i\000o\000n\000\040\000S\000t\000a\000n\000d\000a\000r\000d\000\040\000\050\000D\000E\000S\000\051}{chapter.6}% 38
\BOOKMARK [1][-]{section.6.4}{\376\377\000I\000s\000u\000\040\000K\000e\000a\000m\000a\000n\000a\000n\000\040\000d\000a\000n\000\040\000P\000e\000n\000g\000g\000a\000n\000t\000i\000n\000y\000a}{chapter.6}% 39
\BOOKMARK [1][-]{section.6.5}{\376\377\000L\000a\000t\000i\000h\000a\000n}{chapter.6}% 40
\BOOKMARK [0][-]{chapter.7}{\376\377\000D\000E\000S\000\040\000d\000a\000n\000\040\000V\000a\000r\000i\000a\000n\000n\000y\000a\000;\000\040\000A\000E\000S\000;\000\040\000I\000D\000E\000A}{}% 41
\BOOKMARK [1][-]{section.7.1}{\376\377\000T\000u\000j\000u\000a\000n\000\040\000P\000e\000m\000b\000e\000l\000a\000j\000a\000r\000a\000n}{chapter.7}% 42
\BOOKMARK [1][-]{section.7.2}{\376\377\000V\000a\000r\000i\000a\000n\000\040\000D\000E\000S}{chapter.7}% 43
\BOOKMARK [1][-]{section.7.3}{\376\377\000A\000d\000v\000a\000n\000c\000e\000d\000\040\000E\000n\000c\000r\000y\000p\000t\000i\000o\000n\000\040\000S\000t\000a\000n\000d\000a\000r\000d\000\040\000\050\000A\000E\000S\000\051}{chapter.7}% 44
\BOOKMARK [1][-]{section.7.4}{\376\377\000I\000D\000E\000A}{chapter.7}% 45
\BOOKMARK [1][-]{section.7.5}{\376\377\000L\000a\000t\000i\000h\000a\000n}{chapter.7}% 46
\BOOKMARK [0][-]{chapter.8}{\376\377\000L\000F\000S\000R\000,\000\040\000V\000i\000g\000e\000n\000\350\000r\000e\000,\000\040\000S\000E\000A\000L\000,\000\040\000R\000C\0004}{}% 47
\BOOKMARK [1][-]{section.8.1}{\376\377\000T\000u\000j\000u\000a\000n\000\040\000P\000e\000m\000b\000e\000l\000a\000j\000a\000r\000a\000n}{chapter.8}% 48
\BOOKMARK [1][-]{section.8.2}{\376\377\000L\000i\000n\000e\000a\000r\000\040\000F\000e\000e\000d\000b\000a\000c\000k\000\040\000S\000h\000i\000f\000t\000\040\000R\000e\000g\000i\000s\000t\000e\000r\000\040\000\050\000L\000F\000S\000R\000\051}{chapter.8}% 49
\BOOKMARK [1][-]{section.8.3}{\376\377\000S\000a\000n\000d\000i\000\040\000V\000i\000g\000e\000n\000\350\000r\000e}{chapter.8}% 50
\BOOKMARK [1][-]{section.8.4}{\376\377\000S\000E\000A\000L}{chapter.8}% 51
\BOOKMARK [1][-]{section.8.5}{\376\377\000R\000C\0004}{chapter.8}% 52
\BOOKMARK [1][-]{section.8.6}{\376\377\000L\000a\000t\000i\000h\000a\000n}{chapter.8}% 53
\BOOKMARK [0][-]{chapter.9}{\376\377\000K\000u\000n\000c\000i\000\040\000P\000u\000b\000l\000i\000k\000:\000\040\000F\000e\000r\000m\000a\000t\000\040\000K\000e\000c\000i\000l\000\040\000d\000a\000n\000\040\000R\000S\000A}{}% 54
\BOOKMARK [1][-]{section.9.1}{\376\377\000T\000u\000j\000u\000a\000n\000\040\000P\000e\000m\000b\000e\000l\000a\000j\000a\000r\000a\000n}{chapter.9}% 55
\BOOKMARK [1][-]{section.9.2}{\376\377\000K\000o\000n\000s\000e\000p\000\040\000S\000i\000s\000t\000e\000m\000\040\000K\000u\000n\000c\000i\000\040\000P\000u\000b\000l\000i\000k}{chapter.9}% 56
\BOOKMARK [1][-]{section.9.3}{\376\377\000T\000e\000o\000r\000e\000m\000a\000\040\000K\000e\000c\000i\000l\000\040\000F\000e\000r\000m\000a\000t\000\040\000d\000a\000n\000\040\000E\000u\000l\000e\000r}{chapter.9}% 57
\BOOKMARK [1][-]{section.9.4}{\376\377\000S\000k\000e\000m\000a\000\040\000R\000S\000A}{chapter.9}% 58
\BOOKMARK [1][-]{section.9.5}{\376\377\000P\000r\000a\000k\000t\000i\000k\000\040\000A\000m\000a\000n\000\040\000R\000S\000A}{chapter.9}% 59
\BOOKMARK [1][-]{section.9.6}{\376\377\000L\000a\000t\000i\000h\000a\000n}{chapter.9}% 60
\BOOKMARK [0][-]{chapter.10}{\376\377\000T\000a\000n\000d\000a\000\040\000T\000a\000n\000g\000a\000n\000\040\000D\000i\000g\000i\000t\000a\000l\000:\000\040\000K\000o\000n\000s\000e\000p\000,\000\040\000R\000S\000A\000,\000\040\000O\000n\000g\040\023\000S\000c\000h\000n\000o\000r\000r\040\023\000S\000h\000a\000m\000i\000r}{}% 61
\BOOKMARK [1][-]{section.10.1}{\376\377\000T\000u\000j\000u\000a\000n\000\040\000P\000e\000m\000b\000e\000l\000a\000j\000a\000r\000a\000n}{chapter.10}% 62
\BOOKMARK [1][-]{section.10.2}{\376\377\000K\000o\000n\000s\000e\000p\000\040\000d\000a\000n\000\040\000M\000o\000d\000e\000l\000\040\000K\000e\000a\000m\000a\000n\000a\000n}{chapter.10}% 63
\BOOKMARK [1][-]{section.10.3}{\376\377\000T\000a\000n\000d\000a\000\040\000T\000a\000n\000g\000a\000n\000\040\000R\000S\000A}{chapter.10}% 64
\BOOKMARK [1][-]{section.10.4}{\376\377\000O\000n\000g\040\023\000S\000c\000h\000n\000o\000r\000r\040\023\000S\000h\000a\000m\000i\000r\000\040\000\050\000O\000S\000S\000\051}{chapter.10}% 65
\BOOKMARK [1][-]{section.10.5}{\376\377\000V\000e\000r\000i\000f\000i\000k\000a\000s\000i\000\040\000B\000a\000t\000c\000h}{chapter.10}% 66
\BOOKMARK [1][-]{section.10.6}{\376\377\000L\000a\000t\000i\000h\000a\000n}{chapter.10}% 67
\BOOKMARK [0][-]{chapter.11}{\376\377\000D\000i\000s\000t\000r\000i\000b\000u\000s\000i\000\040\000K\000u\000n\000c\000i\000\040\000d\000a\000n\000\040\000M\000a\000n\000a\000j\000e\000m\000e\000n\000\040\000K\000u\000n\000c\000i}{}% 68
\BOOKMARK [1][-]{section.11.1}{\376\377\000T\000u\000j\000u\000a\000n\000\040\000P\000e\000m\000b\000e\000l\000a\000j\000a\000r\000a\000n}{chapter.11}% 69
\BOOKMARK [1][-]{section.11.2}{\376\377\000L\000a\000t\000a\000r\000\040\000B\000e\000l\000a\000k\000a\000n\000g\000\040\000d\000a\000n\000\040\000K\000o\000n\000s\000e\000p\000\040\000D\000a\000s\000a\000r}{chapter.11}% 70
\BOOKMARK [1][-]{section.11.3}{\376\377\000M\000e\000t\000o\000d\000e\000\040\000D\000i\000s\000t\000r\000i\000b\000u\000s\000i\000\040\000K\000u\000n\000c\000i\000\040\000R\000a\000h\000a\000s\000i\000a}{chapter.11}% 71
\BOOKMARK [1][-]{section.11.4}{\376\377\000D\000i\000s\000t\000r\000i\000b\000u\000s\000i\000\040\000K\000u\000n\000c\000i\000\040\000P\000u\000b\000l\000i\000k}{chapter.11}% 72
\BOOKMARK [1][-]{section.11.5}{\376\377\000U\000s\000i\000a\000\040\000K\000u\000n\000c\000i\000\040\000d\000a\000n\000\040\000P\000e\000n\000g\000e\000n\000d\000a\000l\000i\000a\000n\000\040\000P\000e\000m\000a\000k\000a\000i\000a\000n}{chapter.11}% 73
\BOOKMARK [1][-]{section.11.6}{\376\377\000L\000a\000y\000a\000n\000a\000n\000\040\000P\000i\000h\000a\000k\000\040\000K\000e\000t\000i\000g\000a\000\040\000T\000e\000r\000p\000e\000r\000c\000a\000y\000a}{chapter.11}% 74
\BOOKMARK [1][-]{section.11.7}{\376\377\000L\000a\000t\000i\000h\000a\000n}{chapter.11}% 75
\BOOKMARK [0][-]{chapter.12}{\376\377\000F\000u\000n\000g\000s\000i\000\040\000H\000a\000s\000h\000\040\000d\000a\000n\000\040\000K\000o\000d\000e\000\040\000O\000t\000e\000n\000t\000i\000k\000a\000s\000i\000\040\000P\000e\000s\000a\000n}{}% 76
\BOOKMARK [1][-]{section.12.1}{\376\377\000T\000u\000j\000u\000a\000n\000\040\000P\000e\000m\000b\000e\000l\000a\000j\000a\000r\000a\000n}{chapter.12}% 77
\BOOKMARK [1][-]{section.12.2}{\376\377\000F\000u\000n\000g\000s\000i\000\040\000H\000a\000s\000h}{chapter.12}% 78
\BOOKMARK [1][-]{section.12.3}{\376\377\000M\000e\000s\000s\000a\000g\000e\000\040\000A\000u\000t\000h\000e\000n\000t\000i\000c\000a\000t\000i\000o\000n\000\040\000C\000o\000d\000e\000\040\000\050\000M\000A\000C\000\051}{chapter.12}% 79
\BOOKMARK [1][-]{section.12.4}{\376\377\000U\000n\000c\000o\000n\000d\000i\000t\000i\000o\000n\000a\000l\000l\000y\000\040\000S\000e\000c\000u\000r\000e\000\040\000A\000u\000t\000h\000e\000n\000t\000i\000c\000a\000t\000i\000o\000n\000\040\000C\000o\000d\000e}{chapter.12}% 80
\BOOKMARK [1][-]{section.12.5}{\376\377\000L\000a\000t\000i\000h\000a\000n}{chapter.12}% 81
\BOOKMARK [0][-]{chapter.13}{\376\377\000K\000e\000r\000b\000e\000r\000o\000s\000,\000\040\000P\000G\000P\000,\000\040\000d\000a\000n\000\040\000S\000i\000s\000t\000e\000m\000\040\000P\000e\000m\000b\000a\000y\000a\000r\000a\000n\000\040\000E\000l\000e\000k\000t\000r\000o\000n\000i\000k}{}% 82
\BOOKMARK [1][-]{section.13.1}{\376\377\000T\000u\000j\000u\000a\000n\000\040\000P\000e\000m\000b\000e\000l\000a\000j\000a\000r\000a\000n}{chapter.13}% 83
\BOOKMARK [1][-]{section.13.2}{\376\377\000K\000e\000r\000b\000e\000r\000o\000s}{chapter.13}% 84
\BOOKMARK [1][-]{section.13.3}{\376\377\000P\000r\000e\000t\000t\000y\000\040\000G\000o\000o\000d\000\040\000P\000r\000i\000v\000a\000c\000y\000\040\000\050\000P\000G\000P\000\051}{chapter.13}% 85
\BOOKMARK [1][-]{section.13.4}{\376\377\000S\000i\000s\000t\000e\000m\000\040\000P\000e\000m\000b\000a\000y\000a\000r\000a\000n\000\040\000E\000l\000e\000k\000t\000r\000o\000n\000i\000k}{chapter.13}% 86
\BOOKMARK [1][-]{section.13.5}{\376\377\000L\000a\000t\000i\000h\000a\000n}{chapter.13}% 87
\BOOKMARK [0][-]{chapter.14}{\376\377\000A\000n\000a\000l\000i\000s\000i\000s\000\040\000S\000i\000s\000t\000e\000m\000\040\000K\000r\000i\000p\000t\000o\000\040\000S\000e\000d\000e\000r\000h\000a\000n\000a}{}% 88
\BOOKMARK [1][-]{section.14.1}{\376\377\000T\000u\000j\000u\000a\000n\000\040\000P\000e\000m\000b\000e\000l\000a\000j\000a\000r\000a\000n}{chapter.14}% 89
\BOOKMARK [1][-]{section.14.2}{\376\377\000M\000e\000t\000o\000d\000o\000l\000o\000g\000i\000\040\000A\000n\000a\000l\000i\000s\000i\000s}{chapter.14}% 90
\BOOKMARK [1][-]{section.14.3}{\376\377\000C\000o\000n\000t\000o\000h\000:\000\040\000A\000n\000a\000l\000i\000s\000i\000s\000\040\000S\000a\000n\000d\000i\000\040\000S\000u\000b\000s\000t\000i\000t\000u\000s\000i\000\040\000T\000u\000n\000g\000g\000a\000l}{chapter.14}% 91
\BOOKMARK [1][-]{section.14.4}{\376\377\000C\000o\000n\000t\000o\000h\000:\000\040\000A\000n\000a\000l\000i\000s\000i\000s\000\040\000R\000C\0004\000\040\000A\000w\000a\000l}{chapter.14}% 92
\BOOKMARK [1][-]{section.14.5}{\376\377\000L\000a\000t\000i\000h\000a\000n}{chapter.14}% 93
