\BOOKMARK [0][-]{chapter.1}{\376\377\000P\000e\000n\000g\000a\000n\000t\000a\000r\000\040\000K\000r\000i\000p\000t\000o\000g\000r\000a\000f\000i}{}% 1
\BOOKMARK [1][-]{section.1.1}{\376\377\000D\000e\000f\000i\000n\000i\000s\000i\000\040\000d\000a\000n\000\040\000T\000e\000r\000m\000i\000n\000o\000l\000o\000g\000i\000\040\000K\000r\000i\000p\000t\000o\000g\000r\000a\000f\000i}{chapter.1}% 2
\BOOKMARK [1][-]{section.1.2}{\376\377\000L\000a\000y\000a\000n\000a\000n\000\040\000K\000r\000i\000p\000t\000o\000g\000r\000a\000f\000i}{chapter.1}% 3
\BOOKMARK [2][-]{subsection.1.2.1}{\376\377\000C\000o\000n\000t\000o\000h\000\040\000A\000E\000A\000D\000:\000\040\000A\000E\000S\000-\000G\000C\000M}{section.1.2}% 4
\BOOKMARK [1][-]{section.1.3}{\376\377\000S\000e\000j\000a\000r\000a\000h\000\040\000K\000r\000i\000p\000t\000o\000g\000r\000a\000f\000i}{chapter.1}% 5
\BOOKMARK [1][-]{section.1.4}{\376\377\000K\000r\000i\000p\000t\000a\000n\000a\000l\000i\000s\000i\000s}{chapter.1}% 6
\BOOKMARK [1][-]{section.1.5}{\376\377\000K\000r\000i\000p\000t\000o\000g\000r\000a\000f\000i\000\040\000S\000i\000m\000e\000t\000r\000i\000\040\000d\000a\000n\000\040\000K\000r\000i\000p\000t\000o\000g\000r\000a\000f\000i\000\040\000N\000i\000r\000s\000i\000m\000e\000t\000r\000i}{chapter.1}% 7
\BOOKMARK [1][-]{section.1.6}{\376\377\000F\000u\000n\000g\000s\000i\000\040\000H\000a\000s\000h}{chapter.1}% 8
\BOOKMARK [1][-]{section.1.7}{\376\377\000K\000r\000i\000p\000t\000o\000g\000r\000a\000f\000i\000\040\000d\000i\000\040\000I\000n\000d\000o\000n\000e\000s\000i\000a}{chapter.1}% 9
\BOOKMARK [0][-]{chapter.2}{\376\377\000L\000a\000n\000d\000a\000s\000a\000n\000\040\000M\000a\000t\000e\000m\000a\000t\000i\000k\000a}{}% 10
\BOOKMARK [1][-]{section.2.1}{\376\377\000T\000e\000o\000r\000i\000\040\000I\000n\000f\000o\000r\000m\000a\000s\000i}{chapter.2}% 11
\BOOKMARK [2][-]{subsection.2.1.1}{\376\377\000E\000n\000t\000r\000o\000p\000y}{section.2.1}% 12
\BOOKMARK [2][-]{subsection.2.1.2}{\376\377\000L\000a\000j\000u\000\040\000B\000a\000h\000a\000s\000a}{section.2.1}% 13
\BOOKMARK [1][-]{section.2.2}{\376\377\000T\000e\000o\000r\000i\000\040\000B\000i\000l\000a\000n\000g\000a\000n}{chapter.2}% 14
\BOOKMARK [2][-]{subsection.2.2.1}{\376\377\000S\000i\000f\000a\000t\000\040\000P\000e\000m\000b\000a\000g\000i\000a\000n\000\040\000P\000a\000d\000a\000\040\000B\000i\000l\000a\000n\000g\000a\000n\000\040\000B\000u\000l\000a\000t}{section.2.2}% 15
\BOOKMARK [2][-]{subsection.2.2.2}{\376\377\000P\000e\000m\000b\000a\000g\000i\000\040\000B\000e\000r\000s\000a\000m\000a\000\040\000T\000e\000r\000b\000e\000s\000a\000r\000\040\000\050\000P\000B\000B\000\051}{section.2.2}% 16
\BOOKMARK [2][-]{subsection.2.2.3}{\376\377\000A\000l\000g\000o\000r\000i\000t\000m\000a\000\040\000E\000u\000c\000l\000i\000d\000e\000a\000n}{section.2.2}% 17
\BOOKMARK [2][-]{subsection.2.2.4}{\376\377\000K\000o\000m\000b\000i\000n\000a\000s\000i\000\040\000L\000a\000n\000j\000a\000r}{section.2.2}% 18
\BOOKMARK [2][-]{subsection.2.2.5}{\376\377\000R\000e\000l\000a\000t\000i\000f\000\040\000P\000r\000i\000m\000a}{section.2.2}% 19
\BOOKMARK [2][-]{subsection.2.2.6}{\376\377\000A\000r\000i\000t\000m\000a\000t\000i\000k\000a\000\040\000M\000o\000d\000u\000l\000o}{section.2.2}% 20
\BOOKMARK [2][-]{subsection.2.2.7}{\376\377\000B\000i\000l\000a\000n\000g\000a\000n\000\040\000P\000r\000i\000m\000a}{section.2.2}% 21
\BOOKMARK [2][-]{subsection.2.2.8}{\376\377\000F\000u\000n\000g\000s\000i\000\040\000T\000o\000t\000i\000e\000n\000t\000\040\000E\000u\000l\000e\000r}{section.2.2}% 22
\BOOKMARK [2][-]{subsection.2.2.9}{\376\377\000T\000e\000o\000r\000e\000m\000a\000\040\000E\000u\000l\000e\000r}{section.2.2}% 23
\BOOKMARK [2][-]{subsection.2.2.10}{\376\377\000A\000k\000a\000r\000\040\000P\000r\000i\000m\000i\000t\000i\000f\000\040\000d\000a\000n\000\040\000L\000o\000g\000a\000r\000i\000t\000m\000a\000\040\000D\000i\000s\000k\000r\000i\000t}{section.2.2}% 24
\BOOKMARK [1][-]{section.2.3}{\376\377\000A\000l\000j\000a\000b\000a\000r\000\040\000A\000b\000s\000t\000r\000a\000k}{chapter.2}% 25
\BOOKMARK [2][-]{subsection.2.3.1}{\376\377\000G\000r\000u\000p}{section.2.3}% 26
\BOOKMARK [2][-]{subsection.2.3.2}{\376\377\000R\000i\000n\000g}{section.2.3}% 27
\BOOKMARK [2][-]{subsection.2.3.3}{\376\377\000M\000e\000d\000a\000n}{section.2.3}% 28
\BOOKMARK [2][-]{subsection.2.3.4}{\376\377\000M\000e\000d\000a\000n\000\040\000B\000e\000r\000h\000i\000n\000g\000g\000a}{section.2.3}% 29
\BOOKMARK [2][-]{subsection.2.3.5}{\376\377\000M\000e\000d\000a\000n\000\040\000G\000a\000l\000o\000i\000s}{section.2.3}% 30
\BOOKMARK [2][-]{subsection.2.3.6}{\376\377\000A\000r\000i\000t\000m\000a\000t\000i\000k\000a\000\040\000P\000o\000l\000i\000n\000o\000m\000\040\000d\000i\000\040\000d\000a\000l\000a\000m\000\040\000M\000e\000d\000a\000n\000\040\000G\000a\000l\000o\000i\000s}{section.2.3}% 31
\BOOKMARK [2][-]{subsection.2.3.7}{\376\377\000C\000o\000n\000t\000o\000h\000\040\000K\000o\000d\000e\000:\000\040\000A\000l\000g\000o\000r\000i\000t\000m\000a\000\040\000E\000u\000c\000l\000i\000d\000\040\000T\000e\000r\000e\000k\000s\000t\000e\000n\000s\000i}{section.2.3}% 32
\BOOKMARK [0][-]{chapter.3}{\376\377\000S\000e\000r\000a\000n\000g\000a\000n\000\040\000T\000e\000r\000h\000a\000d\000a\000p\000\040\000K\000r\000i\000p\000t\000o\000g\000r\000a\000f\000i}{}% 33
\BOOKMARK [1][-]{section.3.1}{\376\377\000S\000e\000r\000a\000n\000g\000a\000n}{chapter.3}% 34
\BOOKMARK [2][-]{subsection.3.1.1}{\376\377\000S\000e\000r\000a\000n\000g\000a\000n\000\040\000K\000r\000i\000p\000t\000a\000n\000a\000l\000i\000s\000i\000s}{section.3.1}% 35
\BOOKMARK [2][-]{subsection.3.1.2}{\376\377\000B\000r\000u\000t\000e\000-\000F\000o\000r\000c\000e\000\040\000A\000t\000t\000a\000c\000k\000\040\000d\000a\000n\000\040\000A\000n\000a\000l\000y\000t\000i\000c\000a\000l\000\040\000A\000t\000t\000a\000c\000k}{section.3.1}% 36
\BOOKMARK [2][-]{subsection.3.1.3}{\376\377\000P\000a\000s\000s\000i\000v\000e\000\040\000A\000t\000t\000a\000c\000k\000\040\000d\000a\000n\000\040\000A\000c\000t\000i\000v\000e\000\040\000A\000t\000t\000a\000c\000k}{section.3.1}% 37
\BOOKMARK [1][-]{section.3.2}{\376\377\000K\000e\000a\000m\000a\000n\000a\000n\000\040\000A\000l\000g\000o\000r\000i\000t\000m\000a\000\040\000K\000r\000i\000p\000t\000o\000g\000r\000a\000f\000i}{chapter.3}% 38
\BOOKMARK [1][-]{section.3.3}{\376\377\000K\000o\000m\000p\000l\000e\000k\000s\000i\000t\000a\000s\000\040\000S\000e\000r\000a\000n\000g\000a\000n}{chapter.3}% 39
\BOOKMARK [2][-]{subsection.3.3.1}{\376\377\000C\000o\000n\000t\000o\000h\000\040\000K\000o\000d\000e\000:\000\040\000B\000r\000u\000t\000e\000-\000F\000o\000r\000c\000e\000\040\000C\000a\000e\000s\000a\000r\000\040\000C\000i\000p\000h\000e\000r}{section.3.3}% 40
\BOOKMARK [0][-]{chapter.4}{\376\377\000K\000r\000i\000p\000t\000o\000g\000r\000a\000f\000i\000\040\000K\000l\000a\000s\000i\000k}{}% 41
\BOOKMARK [1][-]{section.4.1}{\376\377\000C\000i\000p\000h\000e\000r\000\040\000S\000u\000b\000s\000t\000i\000t\000u\000s\000i}{chapter.4}% 42
\BOOKMARK [2][-]{subsection.4.1.1}{\376\377\000C\000a\000e\000s\000a\000r\000\040\000C\000i\000p\000h\000e\000r}{section.4.1}% 43
\BOOKMARK [2][-]{subsection.4.1.2}{\376\377\000K\000r\000i\000p\000t\000a\000n\000a\000l\000i\000s\000i\000s\000\040\000T\000e\000r\000h\000a\000d\000a\000p\000\040\000C\000a\000e\000s\000a\000r\000\040\000C\000i\000p\000h\000e\000r}{section.4.1}% 44
\BOOKMARK [1][-]{section.4.2}{\376\377\000J\000e\000n\000i\000s\000-\000j\000e\000n\000i\000s\000\040\000C\000i\000p\000h\000e\000r\000\040\000S\000u\000b\000s\000t\000i\000t\000u\000s\000i}{chapter.4}% 45
\BOOKMARK [1][-]{section.4.3}{\376\377\000C\000i\000p\000h\000e\000r\000\040\000T\000r\000a\000n\000s\000p\000o\000s\000i\000s\000i}{chapter.4}% 46
\BOOKMARK [1][-]{section.4.4}{\376\377\000S\000u\000p\000e\000r\000\040\000E\000n\000k\000r\000i\000p\000s\000i}{chapter.4}% 47
